2025-09-21 15:58:52 | INFO     | main                 | main                :77   | === PORTFOLIO ANALYSIS TOOL STARTING ===
2025-09-21 15:58:52 | INFO     | main                 | main                :78   | Session ID: 2025-09-21-15-58-52
2025-09-21 15:58:52 | INFO     | main                 | main                :82   | Setting up dependency injection
2025-09-21 15:58:52 | INFO     | presentation         | __init__            :34   | PortfolioController initialized
2025-09-21 15:58:52 | INFO     | main                 | main                :86   | Application initialization completed successfully
2025-09-21 15:58:52 | INFO     | main                 | main                :90   | Starting user interaction loop
2025-09-21 15:58:59 | INFO     | user                 | wrapper             :169  | User action: load_portfolio
2025-09-21 15:58:59 | INFO     | user                 | log_user_action     :163  | USER | load_portfolio | args: (<src.presentation.controllers.portfolio_controller.PortfolioController object at 0x10c71d240>,) | kwargs: {}
2025-09-21 15:58:59 | INFO     | presentation         | load_portfolio      :39   | User initiated portfolio load
2025-09-21 15:59:02 | INFO     | presentation         | load_portfolio      :47   | User selected file path: input/test.csv
2025-09-21 15:59:02 | INFO     | user                 | log_user_action     :163  | USER | load_portfolio | file_path: input/test.csv
2025-09-21 15:59:02 | DEBUG    | business             | wrapper             :32   | Starting load_portfolio
2025-09-21 15:59:02 | INFO     | application          | execute             :26   | Starting portfolio load from: input/test.csv
2025-09-21 15:59:02 | INFO     | file                 | log_file_operation  :189  | FILE | load | input/test.csv | SUCCESS | operation: portfolio_load
2025-09-21 15:59:02 | DEBUG    | file                 | wrapper             :125  | File operation started: load_csv - <src.infrastructure.repositories.csv_portfolio_repository.CsvPortfolioRepository object at 0x10c71c940>
2025-09-21 15:59:02 | INFO     | infrastructure       | load                :19   | Loading portfolio from CSV: input/test.csv
2025-09-21 15:59:02 | DEBUG    | infrastructure       | load                :26   | Reading CSV file with pandas
2025-09-21 15:59:02 | DEBUG    | infrastructure       | load                :28   | CSV file loaded: 14 rows, 2 columns
2025-09-21 15:59:02 | DEBUG    | infrastructure       | _validate_csv_format:57   | Validating CSV format
2025-09-21 15:59:02 | DEBUG    | infrastructure       | _validate_csv_format:70   | CSV validation: 14 rows to validate
2025-09-21 15:59:02 | DEBUG    | infrastructure       | _validate_csv_format:87   | CSV validation successful
2025-09-21 15:59:02 | DEBUG    | validation           | _validate           :25   | Ticker validation successful: DUOL
2025-09-21 15:59:02 | DEBUG    | domain               | __init__            :12   | Ticker created: DUOL
2025-09-21 15:59:02 | DEBUG    | validation           | _validate           :26   | Position validation successful: DUOL x 0.5
2025-09-21 15:59:02 | DEBUG    | domain               | __init__            :16   | Position created: DUOL x 0.5
2025-09-21 15:59:02 | DEBUG    | infrastructure       | load                :39   | Created position 1: DUOL x 0.5
2025-09-21 15:59:02 | DEBUG    | validation           | _validate           :25   | Ticker validation successful: TUYA
2025-09-21 15:59:02 | DEBUG    | domain               | __init__            :12   | Ticker created: TUYA
2025-09-21 15:59:02 | DEBUG    | validation           | _validate           :26   | Position validation successful: TUYA x 25.0
2025-09-21 15:59:02 | DEBUG    | domain               | __init__            :16   | Position created: TUYA x 25.0
2025-09-21 15:59:02 | DEBUG    | infrastructure       | load                :39   | Created position 2: TUYA x 25.0
2025-09-21 15:59:02 | DEBUG    | validation           | _validate           :25   | Ticker validation successful: BRK-B
2025-09-21 15:59:02 | DEBUG    | domain               | __init__            :12   | Ticker created: BRK-B
2025-09-21 15:59:02 | DEBUG    | validation           | _validate           :26   | Position validation successful: BRK-B x 0.6
2025-09-21 15:59:02 | DEBUG    | domain               | __init__            :16   | Position created: BRK-B x 0.6
2025-09-21 15:59:02 | DEBUG    | infrastructure       | load                :39   | Created position 3: BRK-B x 0.6
2025-09-21 15:59:02 | DEBUG    | validation           | _validate           :25   | Ticker validation successful: FICO
2025-09-21 15:59:02 | DEBUG    | domain               | __init__            :12   | Ticker created: FICO
2025-09-21 15:59:02 | DEBUG    | validation           | _validate           :26   | Position validation successful: FICO x 0.05
2025-09-21 15:59:02 | DEBUG    | domain               | __init__            :16   | Position created: FICO x 0.05
2025-09-21 15:59:02 | DEBUG    | infrastructure       | load                :39   | Created position 4: FICO x 0.05
2025-09-21 15:59:02 | DEBUG    | validation           | _validate           :25   | Ticker validation successful: UNH
2025-09-21 15:59:02 | DEBUG    | domain               | __init__            :12   | Ticker created: UNH
2025-09-21 15:59:02 | DEBUG    | validation           | _validate           :26   | Position validation successful: UNH x 0.1
2025-09-21 15:59:02 | DEBUG    | domain               | __init__            :16   | Position created: UNH x 0.1
2025-09-21 15:59:02 | DEBUG    | infrastructure       | load                :39   | Created position 5: UNH x 0.1
2025-09-21 15:59:02 | DEBUG    | validation           | _validate           :25   | Ticker validation successful: CPRT
2025-09-21 15:59:02 | DEBUG    | domain               | __init__            :12   | Ticker created: CPRT
2025-09-21 15:59:02 | DEBUG    | validation           | _validate           :26   | Position validation successful: CPRT x 2.0
2025-09-21 15:59:02 | DEBUG    | domain               | __init__            :16   | Position created: CPRT x 2.0
2025-09-21 15:59:02 | DEBUG    | infrastructure       | load                :39   | Created position 6: CPRT x 2.0
2025-09-21 15:59:02 | DEBUG    | validation           | _validate           :25   | Ticker validation successful: PM
2025-09-21 15:59:02 | DEBUG    | domain               | __init__            :12   | Ticker created: PM
2025-09-21 15:59:02 | DEBUG    | validation           | _validate           :26   | Position validation successful: PM x 1.0
2025-09-21 15:59:02 | DEBUG    | domain               | __init__            :16   | Position created: PM x 1.0
2025-09-21 15:59:02 | DEBUG    | infrastructure       | load                :39   | Created position 7: PM x 1.0
2025-09-21 15:59:02 | DEBUG    | validation           | _validate           :25   | Ticker validation successful: BJ
2025-09-21 15:59:02 | DEBUG    | domain               | __init__            :12   | Ticker created: BJ
2025-09-21 15:59:02 | DEBUG    | validation           | _validate           :26   | Position validation successful: BJ x 0.5
2025-09-21 15:59:02 | DEBUG    | domain               | __init__            :16   | Position created: BJ x 0.5
2025-09-21 15:59:02 | DEBUG    | infrastructure       | load                :39   | Created position 8: BJ x 0.5
2025-09-21 15:59:02 | DEBUG    | validation           | _validate           :25   | Ticker validation successful: KO
2025-09-21 15:59:02 | DEBUG    | domain               | __init__            :12   | Ticker created: KO
2025-09-21 15:59:02 | DEBUG    | validation           | _validate           :26   | Position validation successful: KO x 2.0
2025-09-21 15:59:02 | DEBUG    | domain               | __init__            :16   | Position created: KO x 2.0
2025-09-21 15:59:02 | DEBUG    | infrastructure       | load                :39   | Created position 9: KO x 2.0
2025-09-21 15:59:02 | DEBUG    | validation           | _validate           :25   | Ticker validation successful: WCN
2025-09-21 15:59:02 | DEBUG    | domain               | __init__            :12   | Ticker created: WCN
2025-09-21 15:59:02 | DEBUG    | validation           | _validate           :26   | Position validation successful: WCN x 0.5
2025-09-21 15:59:02 | DEBUG    | domain               | __init__            :16   | Position created: WCN x 0.5
2025-09-21 15:59:02 | DEBUG    | infrastructure       | load                :39   | Created position 10: WCN x 0.5
2025-09-21 15:59:02 | DEBUG    | validation           | _validate           :25   | Ticker validation successful: WM
2025-09-21 15:59:02 | DEBUG    | domain               | __init__            :12   | Ticker created: WM
2025-09-21 15:59:02 | DEBUG    | validation           | _validate           :26   | Position validation successful: WM x 0.5
2025-09-21 15:59:02 | DEBUG    | domain               | __init__            :16   | Position created: WM x 0.5
2025-09-21 15:59:02 | DEBUG    | infrastructure       | load                :39   | Created position 11: WM x 0.5
2025-09-21 15:59:02 | DEBUG    | validation           | _validate           :25   | Ticker validation successful: OKE
2025-09-21 15:59:02 | DEBUG    | domain               | __init__            :12   | Ticker created: OKE
2025-09-21 15:59:02 | DEBUG    | validation           | _validate           :26   | Position validation successful: OKE x 1.0
2025-09-21 15:59:02 | DEBUG    | domain               | __init__            :16   | Position created: OKE x 1.0
2025-09-21 15:59:02 | DEBUG    | infrastructure       | load                :39   | Created position 12: OKE x 1.0
2025-09-21 15:59:02 | DEBUG    | validation           | _validate           :25   | Ticker validation successful: COST
2025-09-21 15:59:02 | DEBUG    | domain               | __init__            :12   | Ticker created: COST
2025-09-21 15:59:02 | DEBUG    | validation           | _validate           :26   | Position validation successful: COST x 0.1
2025-09-21 15:59:02 | DEBUG    | domain               | __init__            :16   | Position created: COST x 0.1
2025-09-21 15:59:02 | DEBUG    | infrastructure       | load                :39   | Created position 13: COST x 0.1
2025-09-21 15:59:02 | DEBUG    | validation           | _validate           :25   | Ticker validation successful: V
2025-09-21 15:59:02 | DEBUG    | domain               | __init__            :12   | Ticker created: V
2025-09-21 15:59:02 | DEBUG    | validation           | _validate           :26   | Position validation successful: V x 1.0
2025-09-21 15:59:02 | DEBUG    | domain               | __init__            :16   | Position created: V x 1.0
2025-09-21 15:59:02 | DEBUG    | infrastructure       | load                :39   | Created position 14: V x 1.0
2025-09-21 15:59:02 | INFO     | infrastructure       | load                :45   | Successfully loaded 14 positions from CSV
2025-09-21 15:59:02 | INFO     | file                 | log_file_operation  :189  | FILE | load_csv | input/test.csv | SUCCESS | positions_count: 14
2025-09-21 15:59:02 | DEBUG    | validation           | _validate           :26   | Portfolio validation successful: 14 positions
2025-09-21 15:59:02 | INFO     | domain               | __init__            :16   | Portfolio created with 14 positions: DUOL, TUYA, BRK-B, FICO, UNH, CPRT, PM, BJ, KO, WCN, WM, OKE, COST, V
2025-09-21 15:59:02 | INFO     | file                 | wrapper             :137  | File operation successful: load_csv - <src.infrastructure.repositories.csv_portfolio_repository.CsvPortfolioRepository object at 0x10c71c940>
2025-09-21 15:59:02 | INFO     | file                 | log_file_operation  :189  | FILE | load_csv | <src.infrastructure.repositories.csv_portfolio_repository.CsvPortfolioRepository object at 0x10c71c940> | SUCCESS | duration: 0.0102s | file_path: <src.infrastructure.repositories.csv_portfolio_repository.CsvPortfolioRepository object at 0x10c71c940>
2025-09-21 15:59:02 | INFO     | application          | execute             :38   | Portfolio loaded successfully: 14 positions
2025-09-21 15:59:02 | DEBUG    | application          | execute             :39   | Loaded tickers: DUOL, TUYA, BRK-B, FICO, UNH, CPRT, PM, BJ, KO, WCN, WM, OKE, COST, V
2025-09-21 15:59:02 | INFO     | business             | log_business_operation:200  | BIZ | application | load_portfolio | SUCCESS | file_path: input/test.csv | ticker_count: 14 | tickers: ['DUOL', 'TUYA', 'BRK-B', 'FICO', 'UNH', 'CPRT', 'PM', 'BJ', 'KO', 'WCN', 'WM', 'OKE', 'COST', 'V']
2025-09-21 15:59:02 | INFO     | business             | wrapper             :44   | Completed load_portfolio successfully
2025-09-21 15:59:02 | INFO     | performance          | log_performance     :154  | PERF | load_portfolio | Duration: 0.0109s | duration: 0.0109s | result: LoadPortfolioResponse(portfolio=<src.domain.entities.portfolio.Portfolio object at 0x10c71dc60>, success=True, message='Successfully loaded 14 positions')
2025-09-21 15:59:02 | INFO     | presentation         | load_portfolio      :55   | Portfolio loaded successfully: Successfully loaded 14 positions
2025-09-21 15:59:02 | INFO     | user                 | wrapper             :179  | User action completed: load_portfolio
2025-09-21 15:59:02 | INFO     | user                 | log_user_action     :163  | USER | load_portfolio_completed | duration: 3.0380s
2025-09-21 15:59:05 | DEBUG    | business             | wrapper             :32   | Starting analyze_portfolio
2025-09-21 15:59:05 | INFO     | application          | execute             :51   | Starting portfolio analysis for 14 tickers: DUOL, TUYA, BRK-B, FICO, UNH, CPRT, PM, BJ, KO, WCN, WM, OKE, COST, V
2025-09-21 15:59:05 | INFO     | application          | execute             :52   | Date range: 2024-03-01 to 2025-09-21
2025-09-21 15:59:05 | DEBUG    | application          | execute             :56   | Fetching price history from market data repository
2025-09-21 15:59:05 | DEBUG    | api                  | wrapper             :80   | API call started: yfinance - get_price_history
2025-09-21 15:59:05 | INFO     | infrastructure       | get_price_history   :23   | Fetching price history for 14 tickers: DUOL, TUYA, BRK-B, FICO, UNH, CPRT, PM, BJ, KO, WCN, WM, OKE, COST, V
2025-09-21 15:59:05 | INFO     | infrastructure       | get_price_history   :24   | Date range: 2024-03-01 to 2025-09-21
2025-09-21 15:59:05 | DEBUG    | infrastructure       | get_price_history   :28   | Calling yfinance.download()
2025-09-21 15:59:06 | DEBUG    | infrastructure       | get_price_history   :41   | YFinance download completed in 1.58s
2025-09-21 15:59:06 | DEBUG    | infrastructure       | get_price_history   :47   | YFinance returned data with shape: (390, 70)
2025-09-21 15:59:06 | DEBUG    | infrastructure       | get_price_history   :70   | Processing multiple tickers data
2025-09-21 15:59:06 | DEBUG    | infrastructure       | get_price_history   :80   | Multi-ticker data processed: DUOL - 390 data points
2025-09-21 15:59:06 | DEBUG    | infrastructure       | get_price_history   :80   | Multi-ticker data processed: TUYA - 390 data points
2025-09-21 15:59:06 | DEBUG    | infrastructure       | get_price_history   :80   | Multi-ticker data processed: BRK-B - 390 data points
2025-09-21 15:59:06 | DEBUG    | infrastructure       | get_price_history   :80   | Multi-ticker data processed: FICO - 390 data points
2025-09-21 15:59:06 | DEBUG    | infrastructure       | get_price_history   :80   | Multi-ticker data processed: UNH - 390 data points
2025-09-21 15:59:06 | DEBUG    | infrastructure       | get_price_history   :80   | Multi-ticker data processed: CPRT - 390 data points
2025-09-21 15:59:06 | DEBUG    | infrastructure       | get_price_history   :80   | Multi-ticker data processed: PM - 390 data points
2025-09-21 15:59:06 | DEBUG    | infrastructure       | get_price_history   :80   | Multi-ticker data processed: BJ - 390 data points
2025-09-21 15:59:06 | DEBUG    | infrastructure       | get_price_history   :80   | Multi-ticker data processed: KO - 390 data points
2025-09-21 15:59:06 | DEBUG    | infrastructure       | get_price_history   :80   | Multi-ticker data processed: WCN - 390 data points
2025-09-21 15:59:06 | DEBUG    | infrastructure       | get_price_history   :80   | Multi-ticker data processed: WM - 390 data points
2025-09-21 15:59:06 | DEBUG    | infrastructure       | get_price_history   :80   | Multi-ticker data processed: OKE - 390 data points
2025-09-21 15:59:06 | DEBUG    | infrastructure       | get_price_history   :80   | Multi-ticker data processed: COST - 390 data points
2025-09-21 15:59:06 | DEBUG    | infrastructure       | get_price_history   :80   | Multi-ticker data processed: V - 390 data points
2025-09-21 15:59:06 | INFO     | infrastructure       | get_price_history   :93   | Successfully processed 14 tickers out of 14 requested
2025-09-21 15:59:06 | INFO     | api                  | log_api_call        :178  | API | yfinance | GET get_price_history | Status: SUCCESS | Duration: 1.5850s | ticker_count: 14 | successful_tickers: 14 | date_range: 2024-03-01 to 2025-09-21
2025-09-21 15:59:06 | INFO     | api                  | wrapper             :92   | API call successful: yfinance - get_price_history
2025-09-21 15:59:06 | INFO     | api                  | log_api_call        :178  | API | yfinance | CALL get_price_history | Status: SUCCESS | Duration: 1.5900s | duration: 1.5900s | status: SUCCESS | response: {Ticker('DUOL'): Date
2024-03-01    236.490005
2024-03-04    224.770004
2024-03-05    211.009995
2024-03-06    212.259995
2024-03-07    211.869995
                 ...    
2025-09-15    285.109985
202
2025-09-21 15:59:06 | DEBUG    | application          | _identify_data_issues:204  | Data available for DUOL within tolerance (first data: 2024-03-01)
2025-09-21 15:59:06 | DEBUG    | application          | _identify_data_issues:204  | Data available for TUYA within tolerance (first data: 2024-03-01)
2025-09-21 15:59:06 | DEBUG    | application          | _identify_data_issues:204  | Data available for BRK-B within tolerance (first data: 2024-03-01)
2025-09-21 15:59:06 | DEBUG    | application          | _identify_data_issues:204  | Data available for FICO within tolerance (first data: 2024-03-01)
2025-09-21 15:59:06 | DEBUG    | application          | _identify_data_issues:204  | Data available for UNH within tolerance (first data: 2024-03-01)
2025-09-21 15:59:06 | DEBUG    | application          | _identify_data_issues:204  | Data available for CPRT within tolerance (first data: 2024-03-01)
2025-09-21 15:59:06 | DEBUG    | application          | _identify_data_issues:204  | Data available for PM within tolerance (first data: 2024-03-01)
2025-09-21 15:59:06 | DEBUG    | application          | _identify_data_issues:204  | Data available for BJ within tolerance (first data: 2024-03-01)
2025-09-21 15:59:06 | DEBUG    | application          | _identify_data_issues:204  | Data available for KO within tolerance (first data: 2024-03-01)
2025-09-21 15:59:06 | DEBUG    | application          | _identify_data_issues:204  | Data available for WCN within tolerance (first data: 2024-03-01)
2025-09-21 15:59:06 | DEBUG    | application          | _identify_data_issues:204  | Data available for WM within tolerance (first data: 2024-03-01)
2025-09-21 15:59:06 | DEBUG    | application          | _identify_data_issues:204  | Data available for OKE within tolerance (first data: 2024-03-01)
2025-09-21 15:59:06 | DEBUG    | application          | _identify_data_issues:204  | Data available for COST within tolerance (first data: 2024-03-01)
2025-09-21 15:59:06 | DEBUG    | application          | _identify_data_issues:204  | Data available for V within tolerance (first data: 2024-03-01)
2025-09-21 15:59:06 | INFO     | application          | execute             :79   | Retrieved price data for 14 tickers
2025-09-21 15:59:06 | DEBUG    | application          | execute             :86   | Calculating portfolio values over time
2025-09-21 15:59:06 | INFO     | application          | execute             :99   | Portfolio values calculated for 390 data points
2025-09-21 15:59:06 | DEBUG    | application          | execute             :102  | Calculating portfolio metrics
2025-09-21 15:59:06 | DEBUG    | calculation          | wrapper             :246  | Calculation started: portfolio_metrics
2025-09-21 15:59:06 | DEBUG    | application          | _calculate_metrics  :213  | Calculating portfolio metrics for 390 data points
2025-09-21 15:59:06 | DEBUG    | validation           | _validate           :25   | Money validation successful: 1465.6821882724762 USD
2025-09-21 15:59:06 | DEBUG    | domain               | __init__            :15   | Money created: 1465.6821882724762 USD
2025-09-21 15:59:06 | DEBUG    | validation           | _validate           :25   | Money validation successful: 1752.675473690033 USD
2025-09-21 15:59:06 | DEBUG    | domain               | __init__            :15   | Money created: 1752.675473690033 USD
2025-09-21 15:59:06 | DEBUG    | calculation          | wrapper             :258  | Calculation completed: portfolio_metrics
2025-09-21 15:59:06 | INFO     | business             | log_business_operation:200  | BIZ | calculation | calculate_portfolio_metrics | SUCCESS | duration: 0.0011s | outputs: PortfolioMetrics(total_return=<src.domain.value_objects.percentage.Percentage object at 0x10c7d78b0>, annualized_return=<src.domain.value_objects.percentage.Percentage object at 0x10c7d6fb0>, volatili
2025-09-21 15:59:06 | INFO     | application          | execute             :108  | Portfolio analysis completed successfully
2025-09-21 15:59:06 | DEBUG    | application          | execute             :109  | Portfolio metrics: Total Return: 19.6%, Sharpe: 0.67
2025-09-21 15:59:06 | INFO     | business             | log_business_operation:200  | BIZ | application | analyze_portfolio | SUCCESS | ticker_count: 14 | tickers: ['DUOL', 'TUYA', 'BRK-B', 'FICO', 'UNH', 'CPRT', 'PM', 'BJ', 'KO', 'WCN', 'WM', 'OKE', 'COST', 'V'] | date_range: 2024-03-01 to 2025-09-21 | data_points: 390 | total_return: 19.6% | sharpe_ratio: 0.6662887639196935
2025-09-21 15:59:06 | INFO     | business             | wrapper             :44   | Completed analyze_portfolio successfully
2025-09-21 15:59:06 | INFO     | performance          | log_performance     :154  | PERF | analyze_portfolio | Duration: 1.5978s | duration: 1.5978s | result: AnalyzePortfolioResponse(metrics=PortfolioMetrics(total_return=<src.domain.value_objects.percentage.Percentage object at 0x10c7d78b0>, annualized_return=<src.domain.value_objects.percentage.Percentage
2025-09-21 15:59:11 | DEBUG    | api                  | wrapper             :80   | API call started: yfinance - get_price_history
2025-09-21 15:59:11 | INFO     | infrastructure       | get_price_history   :23   | Fetching price history for 1 tickers: DUOL
2025-09-21 15:59:11 | INFO     | infrastructure       | get_price_history   :24   | Date range: 2024-03-01 to 2025-09-21
2025-09-21 15:59:11 | DEBUG    | infrastructure       | get_price_history   :28   | Calling yfinance.download()
2025-09-21 15:59:11 | DEBUG    | infrastructure       | get_price_history   :41   | YFinance download completed in 0.01s
2025-09-21 15:59:11 | DEBUG    | infrastructure       | get_price_history   :47   | YFinance returned data with shape: (390, 5)
2025-09-21 15:59:11 | DEBUG    | infrastructure       | get_price_history   :53   | Processing single ticker data
2025-09-21 15:59:11 | DEBUG    | infrastructure       | get_price_history   :67   | Single ticker data processed (multi-level): DUOL - 390 data points
2025-09-21 15:59:11 | INFO     | infrastructure       | get_price_history   :93   | Successfully processed 1 tickers out of 1 requested
2025-09-21 15:59:11 | INFO     | api                  | log_api_call        :178  | API | yfinance | GET get_price_history | Status: SUCCESS | Duration: 0.0147s | ticker_count: 1 | successful_tickers: 1 | date_range: 2024-03-01 to 2025-09-21
2025-09-21 15:59:11 | INFO     | api                  | wrapper             :92   | API call successful: yfinance - get_price_history
2025-09-21 15:59:11 | INFO     | api                  | log_api_call        :178  | API | yfinance | CALL get_price_history | Status: SUCCESS | Duration: 0.0158s | duration: 0.0158s | status: SUCCESS | response: {Ticker('DUOL'): Date
2024-03-01    236.490005
2024-03-04    224.770004
2024-03-05    211.009995
2024-03-06    212.259995
2024-03-07    211.869995
                 ...    
2025-09-15    285.109985
202
2025-09-21 15:59:11 | DEBUG    | validation           | _validate           :25   | Money validation successful: 236.49000549316406 USD
2025-09-21 15:59:11 | DEBUG    | validation           | _validate           :25   | Money validation successful: 290.8999938964844 USD
2025-09-21 15:59:11 | DEBUG    | api                  | wrapper             :80   | API call started: yfinance - get_price_history
2025-09-21 15:59:11 | INFO     | infrastructure       | get_price_history   :23   | Fetching price history for 1 tickers: TUYA
2025-09-21 15:59:11 | INFO     | infrastructure       | get_price_history   :24   | Date range: 2024-03-01 to 2025-09-21
2025-09-21 15:59:11 | DEBUG    | infrastructure       | get_price_history   :28   | Calling yfinance.download()
2025-09-21 15:59:12 | DEBUG    | infrastructure       | get_price_history   :41   | YFinance download completed in 0.02s
2025-09-21 15:59:12 | DEBUG    | infrastructure       | get_price_history   :47   | YFinance returned data with shape: (390, 5)
2025-09-21 15:59:12 | DEBUG    | infrastructure       | get_price_history   :53   | Processing single ticker data
2025-09-21 15:59:12 | DEBUG    | infrastructure       | get_price_history   :67   | Single ticker data processed (multi-level): TUYA - 390 data points
2025-09-21 15:59:12 | INFO     | infrastructure       | get_price_history   :93   | Successfully processed 1 tickers out of 1 requested
2025-09-21 15:59:12 | INFO     | api                  | log_api_call        :178  | API | yfinance | GET get_price_history | Status: SUCCESS | Duration: 0.0156s | ticker_count: 1 | successful_tickers: 1 | date_range: 2024-03-01 to 2025-09-21
2025-09-21 15:59:12 | INFO     | api                  | wrapper             :92   | API call successful: yfinance - get_price_history
2025-09-21 15:59:12 | INFO     | api                  | log_api_call        :178  | API | yfinance | CALL get_price_history | Status: SUCCESS | Duration: 0.0164s | duration: 0.0164s | status: SUCCESS | response: {Ticker('TUYA'): Date
2024-03-01    1.772179
2024-03-04    1.828738
2024-03-05    1.753326
2024-03-06    1.772179
2024-03-07    1.762752
                ...   
2025-09-15    2.610000
2025-09-16    2.6
2025-09-21 15:59:12 | DEBUG    | validation           | _validate           :25   | Money validation successful: 1.7721788883209229 USD
2025-09-21 15:59:12 | DEBUG    | validation           | _validate           :25   | Money validation successful: 2.5999999046325684 USD
2025-09-21 15:59:12 | DEBUG    | api                  | wrapper             :80   | API call started: yfinance - get_price_history
2025-09-21 15:59:12 | INFO     | infrastructure       | get_price_history   :23   | Fetching price history for 1 tickers: BRK-B
2025-09-21 15:59:12 | INFO     | infrastructure       | get_price_history   :24   | Date range: 2024-03-01 to 2025-09-21
2025-09-21 15:59:12 | DEBUG    | infrastructure       | get_price_history   :28   | Calling yfinance.download()
2025-09-21 15:59:12 | DEBUG    | infrastructure       | get_price_history   :41   | YFinance download completed in 0.01s
2025-09-21 15:59:12 | DEBUG    | infrastructure       | get_price_history   :47   | YFinance returned data with shape: (390, 5)
2025-09-21 15:59:12 | DEBUG    | infrastructure       | get_price_history   :53   | Processing single ticker data
2025-09-21 15:59:12 | DEBUG    | infrastructure       | get_price_history   :67   | Single ticker data processed (multi-level): BRK-B - 390 data points
2025-09-21 15:59:12 | INFO     | infrastructure       | get_price_history   :93   | Successfully processed 1 tickers out of 1 requested
2025-09-21 15:59:12 | INFO     | api                  | log_api_call        :178  | API | yfinance | GET get_price_history | Status: SUCCESS | Duration: 0.0147s | ticker_count: 1 | successful_tickers: 1 | date_range: 2024-03-01 to 2025-09-21
2025-09-21 15:59:12 | INFO     | api                  | wrapper             :92   | API call successful: yfinance - get_price_history
2025-09-21 15:59:12 | INFO     | api                  | log_api_call        :178  | API | yfinance | CALL get_price_history | Status: SUCCESS | Duration: 0.0155s | duration: 0.0155s | status: SUCCESS | response: {Ticker('BRK-B'): Date
2024-03-01    407.109985
2024-03-04    403.390015
2024-03-05    400.739990
2024-03-06    403.959991
2024-03-07    402.390015
                 ...    
2025-09-15    491.540009
20
2025-09-21 15:59:12 | DEBUG    | validation           | _validate           :25   | Money validation successful: 407.1099853515625 USD
2025-09-21 15:59:12 | DEBUG    | validation           | _validate           :25   | Money validation successful: 492.8500061035156 USD
2025-09-21 15:59:12 | DEBUG    | api                  | wrapper             :80   | API call started: yfinance - get_price_history
2025-09-21 15:59:12 | INFO     | infrastructure       | get_price_history   :23   | Fetching price history for 1 tickers: FICO
2025-09-21 15:59:12 | INFO     | infrastructure       | get_price_history   :24   | Date range: 2024-03-01 to 2025-09-21
2025-09-21 15:59:12 | DEBUG    | infrastructure       | get_price_history   :28   | Calling yfinance.download()
2025-09-21 15:59:12 | DEBUG    | infrastructure       | get_price_history   :41   | YFinance download completed in 0.01s
2025-09-21 15:59:12 | DEBUG    | infrastructure       | get_price_history   :47   | YFinance returned data with shape: (390, 5)
2025-09-21 15:59:12 | DEBUG    | infrastructure       | get_price_history   :53   | Processing single ticker data
2025-09-21 15:59:12 | DEBUG    | infrastructure       | get_price_history   :67   | Single ticker data processed (multi-level): FICO - 390 data points
2025-09-21 15:59:12 | INFO     | infrastructure       | get_price_history   :93   | Successfully processed 1 tickers out of 1 requested
2025-09-21 15:59:12 | INFO     | api                  | log_api_call        :178  | API | yfinance | GET get_price_history | Status: SUCCESS | Duration: 0.0117s | ticker_count: 1 | successful_tickers: 1 | date_range: 2024-03-01 to 2025-09-21
2025-09-21 15:59:12 | INFO     | api                  | wrapper             :92   | API call successful: yfinance - get_price_history
2025-09-21 15:59:12 | INFO     | api                  | log_api_call        :178  | API | yfinance | CALL get_price_history | Status: SUCCESS | Duration: 0.0123s | duration: 0.0123s | status: SUCCESS | response: {Ticker('FICO'): Date
2024-03-01    1295.199951
2024-03-04    1301.250000
2024-03-05    1263.650024
2024-03-06    1288.109985
2024-03-07    1334.989990
                 ...     
2025-09-15    1555.209
2025-09-21 15:59:13 | DEBUG    | validation           | _validate           :25   | Money validation successful: 1295.199951171875 USD
2025-09-21 15:59:13 | DEBUG    | domain               | __init__            :15   | Money created: 1295.199951171875 USD
2025-09-21 15:59:13 | DEBUG    | validation           | _validate           :25   | Money validation successful: 1477.2099609375 USD
2025-09-21 15:59:13 | DEBUG    | domain               | __init__            :15   | Money created: 1477.2099609375 USD
2025-09-21 15:59:13 | DEBUG    | api                  | wrapper             :80   | API call started: yfinance - get_price_history
2025-09-21 15:59:13 | INFO     | infrastructure       | get_price_history   :23   | Fetching price history for 1 tickers: UNH
2025-09-21 15:59:13 | INFO     | infrastructure       | get_price_history   :24   | Date range: 2024-03-01 to 2025-09-21
2025-09-21 15:59:13 | DEBUG    | infrastructure       | get_price_history   :28   | Calling yfinance.download()
2025-09-21 15:59:13 | DEBUG    | infrastructure       | get_price_history   :41   | YFinance download completed in 0.01s
2025-09-21 15:59:13 | DEBUG    | infrastructure       | get_price_history   :47   | YFinance returned data with shape: (390, 5)
2025-09-21 15:59:13 | DEBUG    | infrastructure       | get_price_history   :53   | Processing single ticker data
2025-09-21 15:59:13 | DEBUG    | infrastructure       | get_price_history   :67   | Single ticker data processed (multi-level): UNH - 390 data points
2025-09-21 15:59:13 | INFO     | infrastructure       | get_price_history   :93   | Successfully processed 1 tickers out of 1 requested
2025-09-21 15:59:13 | INFO     | api                  | log_api_call        :178  | API | yfinance | GET get_price_history | Status: SUCCESS | Duration: 0.0141s | ticker_count: 1 | successful_tickers: 1 | date_range: 2024-03-01 to 2025-09-21
2025-09-21 15:59:13 | INFO     | api                  | wrapper             :92   | API call successful: yfinance - get_price_history
2025-09-21 15:59:13 | INFO     | api                  | log_api_call        :178  | API | yfinance | CALL get_price_history | Status: SUCCESS | Duration: 0.0146s | duration: 0.0146s | status: SUCCESS | response: {Ticker('UNH'): Date
2024-03-01    473.561981
2024-03-04    466.151886
2024-03-05    457.716309
2024-03-06    457.184265
2024-03-07    463.162659
                 ...    
2025-09-15    347.890015
2025
2025-09-21 15:59:14 | DEBUG    | validation           | _validate           :25   | Money validation successful: 473.5619812011719 USD
2025-09-21 15:59:14 | DEBUG    | validation           | _validate           :25   | Money validation successful: 336.69000244140625 USD
2025-09-21 15:59:14 | DEBUG    | api                  | wrapper             :80   | API call started: yfinance - get_price_history
2025-09-21 15:59:14 | INFO     | infrastructure       | get_price_history   :23   | Fetching price history for 1 tickers: CPRT
2025-09-21 15:59:14 | INFO     | infrastructure       | get_price_history   :24   | Date range: 2024-03-01 to 2025-09-21
2025-09-21 15:59:14 | DEBUG    | infrastructure       | get_price_history   :28   | Calling yfinance.download()
2025-09-21 15:59:14 | DEBUG    | infrastructure       | get_price_history   :41   | YFinance download completed in 0.01s
2025-09-21 15:59:14 | DEBUG    | infrastructure       | get_price_history   :47   | YFinance returned data with shape: (390, 5)
2025-09-21 15:59:14 | DEBUG    | infrastructure       | get_price_history   :53   | Processing single ticker data
2025-09-21 15:59:14 | DEBUG    | infrastructure       | get_price_history   :67   | Single ticker data processed (multi-level): CPRT - 390 data points
2025-09-21 15:59:14 | INFO     | infrastructure       | get_price_history   :93   | Successfully processed 1 tickers out of 1 requested
2025-09-21 15:59:14 | INFO     | api                  | log_api_call        :178  | API | yfinance | GET get_price_history | Status: SUCCESS | Duration: 0.0142s | ticker_count: 1 | successful_tickers: 1 | date_range: 2024-03-01 to 2025-09-21
2025-09-21 15:59:14 | INFO     | api                  | wrapper             :92   | API call successful: yfinance - get_price_history
2025-09-21 15:59:14 | INFO     | api                  | log_api_call        :178  | API | yfinance | CALL get_price_history | Status: SUCCESS | Duration: 0.0147s | duration: 0.0147s | status: SUCCESS | response: {Ticker('CPRT'): Date
2024-03-01    53.580002
2024-03-04    54.099998
2024-03-05    53.860001
2024-03-06    54.619999
2024-03-07    55.209999
                ...    
2025-09-15    47.599998
2025-09-16
2025-09-21 15:59:14 | DEBUG    | validation           | _validate           :25   | Money validation successful: 53.58000183105469 USD
2025-09-21 15:59:14 | DEBUG    | validation           | _validate           :25   | Money validation successful: 45.849998474121094 USD
2025-09-21 15:59:14 | DEBUG    | api                  | wrapper             :80   | API call started: yfinance - get_price_history
2025-09-21 15:59:14 | INFO     | infrastructure       | get_price_history   :23   | Fetching price history for 1 tickers: PM
2025-09-21 15:59:14 | INFO     | infrastructure       | get_price_history   :24   | Date range: 2024-03-01 to 2025-09-21
2025-09-21 15:59:14 | DEBUG    | infrastructure       | get_price_history   :28   | Calling yfinance.download()
2025-09-21 15:59:14 | DEBUG    | infrastructure       | get_price_history   :41   | YFinance download completed in 0.01s
2025-09-21 15:59:14 | DEBUG    | infrastructure       | get_price_history   :47   | YFinance returned data with shape: (390, 5)
2025-09-21 15:59:14 | DEBUG    | infrastructure       | get_price_history   :53   | Processing single ticker data
2025-09-21 15:59:14 | DEBUG    | infrastructure       | get_price_history   :67   | Single ticker data processed (multi-level): PM - 390 data points
2025-09-21 15:59:14 | INFO     | infrastructure       | get_price_history   :93   | Successfully processed 1 tickers out of 1 requested
2025-09-21 15:59:14 | INFO     | api                  | log_api_call        :178  | API | yfinance | GET get_price_history | Status: SUCCESS | Duration: 0.0140s | ticker_count: 1 | successful_tickers: 1 | date_range: 2024-03-01 to 2025-09-21
2025-09-21 15:59:14 | INFO     | api                  | wrapper             :92   | API call successful: yfinance - get_price_history
2025-09-21 15:59:14 | INFO     | api                  | log_api_call        :178  | API | yfinance | CALL get_price_history | Status: SUCCESS | Duration: 0.0146s | duration: 0.0146s | status: SUCCESS | response: {Ticker('PM'): Date
2024-03-01     84.159958
2024-03-04     84.609657
2024-03-05     84.853249
2024-03-06     85.340424
2024-03-07     85.733917
                 ...    
2025-09-15    161.639999
2025-
2025-09-21 15:59:15 | DEBUG    | validation           | _validate           :25   | Money validation successful: 84.15995788574219 USD
2025-09-21 15:59:15 | DEBUG    | validation           | _validate           :25   | Money validation successful: 162.9499969482422 USD
2025-09-21 15:59:15 | DEBUG    | api                  | wrapper             :80   | API call started: yfinance - get_price_history
2025-09-21 15:59:15 | INFO     | infrastructure       | get_price_history   :23   | Fetching price history for 1 tickers: BJ
2025-09-21 15:59:15 | INFO     | infrastructure       | get_price_history   :24   | Date range: 2024-03-01 to 2025-09-21
2025-09-21 15:59:15 | DEBUG    | infrastructure       | get_price_history   :28   | Calling yfinance.download()
2025-09-21 15:59:15 | DEBUG    | infrastructure       | get_price_history   :41   | YFinance download completed in 0.01s
2025-09-21 15:59:15 | DEBUG    | infrastructure       | get_price_history   :47   | YFinance returned data with shape: (390, 5)
2025-09-21 15:59:15 | DEBUG    | infrastructure       | get_price_history   :53   | Processing single ticker data
2025-09-21 15:59:15 | DEBUG    | infrastructure       | get_price_history   :67   | Single ticker data processed (multi-level): BJ - 390 data points
2025-09-21 15:59:15 | INFO     | infrastructure       | get_price_history   :93   | Successfully processed 1 tickers out of 1 requested
2025-09-21 15:59:15 | INFO     | api                  | log_api_call        :178  | API | yfinance | GET get_price_history | Status: SUCCESS | Duration: 0.0144s | ticker_count: 1 | successful_tickers: 1 | date_range: 2024-03-01 to 2025-09-21
2025-09-21 15:59:15 | INFO     | api                  | wrapper             :92   | API call successful: yfinance - get_price_history
2025-09-21 15:59:15 | INFO     | api                  | log_api_call        :178  | API | yfinance | CALL get_price_history | Status: SUCCESS | Duration: 0.0150s | duration: 0.0150s | status: SUCCESS | response: {Ticker('BJ'): Date
2024-03-01    71.470001
2024-03-04    71.089996
2024-03-05    73.220001
2024-03-06    72.150002
2024-03-07    78.879997
                ...    
2025-09-15    99.750000
2025-09-16  
2025-09-21 15:59:15 | DEBUG    | validation           | _validate           :25   | Money validation successful: 71.47000122070312 USD
2025-09-21 15:59:15 | DEBUG    | validation           | _validate           :25   | Money validation successful: 96.02999877929688 USD
2025-09-21 15:59:15 | DEBUG    | api                  | wrapper             :80   | API call started: yfinance - get_price_history
2025-09-21 15:59:15 | INFO     | infrastructure       | get_price_history   :23   | Fetching price history for 1 tickers: KO
2025-09-21 15:59:15 | INFO     | infrastructure       | get_price_history   :24   | Date range: 2024-03-01 to 2025-09-21
2025-09-21 15:59:15 | DEBUG    | infrastructure       | get_price_history   :28   | Calling yfinance.download()
2025-09-21 15:59:15 | DEBUG    | infrastructure       | get_price_history   :41   | YFinance download completed in 0.01s
2025-09-21 15:59:15 | DEBUG    | infrastructure       | get_price_history   :47   | YFinance returned data with shape: (390, 5)
2025-09-21 15:59:15 | DEBUG    | infrastructure       | get_price_history   :53   | Processing single ticker data
2025-09-21 15:59:15 | DEBUG    | infrastructure       | get_price_history   :67   | Single ticker data processed (multi-level): KO - 390 data points
2025-09-21 15:59:15 | INFO     | infrastructure       | get_price_history   :93   | Successfully processed 1 tickers out of 1 requested
2025-09-21 15:59:15 | INFO     | api                  | log_api_call        :178  | API | yfinance | GET get_price_history | Status: SUCCESS | Duration: 0.0149s | ticker_count: 1 | successful_tickers: 1 | date_range: 2024-03-01 to 2025-09-21
2025-09-21 15:59:15 | INFO     | api                  | wrapper             :92   | API call successful: yfinance - get_price_history
2025-09-21 15:59:15 | INFO     | api                  | log_api_call        :178  | API | yfinance | CALL get_price_history | Status: SUCCESS | Duration: 0.0157s | duration: 0.0157s | status: SUCCESS | response: {Ticker('KO'): Date
2024-03-01    56.504410
2024-03-04    56.770184
2024-03-05    56.494919
2024-03-06    56.523392
2024-03-07    56.418983
                ...    
2025-09-15    66.209999
2025-09-16  
2025-09-21 15:59:16 | DEBUG    | validation           | _validate           :25   | Money validation successful: 56.50440979003906 USD
2025-09-21 15:59:16 | DEBUG    | validation           | _validate           :25   | Money validation successful: 66.43000030517578 USD
2025-09-21 15:59:16 | DEBUG    | api                  | wrapper             :80   | API call started: yfinance - get_price_history
2025-09-21 15:59:16 | INFO     | infrastructure       | get_price_history   :23   | Fetching price history for 1 tickers: WCN
2025-09-21 15:59:16 | INFO     | infrastructure       | get_price_history   :24   | Date range: 2024-03-01 to 2025-09-21
2025-09-21 15:59:16 | DEBUG    | infrastructure       | get_price_history   :28   | Calling yfinance.download()
2025-09-21 15:59:16 | DEBUG    | infrastructure       | get_price_history   :41   | YFinance download completed in 0.01s
2025-09-21 15:59:16 | DEBUG    | infrastructure       | get_price_history   :47   | YFinance returned data with shape: (390, 5)
2025-09-21 15:59:16 | DEBUG    | infrastructure       | get_price_history   :53   | Processing single ticker data
2025-09-21 15:59:16 | DEBUG    | infrastructure       | get_price_history   :67   | Single ticker data processed (multi-level): WCN - 390 data points
2025-09-21 15:59:16 | INFO     | infrastructure       | get_price_history   :93   | Successfully processed 1 tickers out of 1 requested
2025-09-21 15:59:16 | INFO     | api                  | log_api_call        :178  | API | yfinance | GET get_price_history | Status: SUCCESS | Duration: 0.0140s | ticker_count: 1 | successful_tickers: 1 | date_range: 2024-03-01 to 2025-09-21
2025-09-21 15:59:16 | INFO     | api                  | wrapper             :92   | API call successful: yfinance - get_price_history
2025-09-21 15:59:16 | INFO     | api                  | log_api_call        :178  | API | yfinance | CALL get_price_history | Status: SUCCESS | Duration: 0.0144s | duration: 0.0144s | status: SUCCESS | response: {Ticker('WCN'): Date
2024-03-01    163.749374
2024-03-04    164.343384
2024-03-05    165.808624
2024-03-06    166.363037
2024-03-07    166.422440
                 ...    
2025-09-15    175.570007
2025
2025-09-21 15:59:17 | DEBUG    | validation           | _validate           :25   | Money validation successful: 163.74937438964844 USD
2025-09-21 15:59:17 | DEBUG    | validation           | _validate           :25   | Money validation successful: 173.97000122070312 USD
2025-09-21 15:59:17 | DEBUG    | api                  | wrapper             :80   | API call started: yfinance - get_price_history
2025-09-21 15:59:17 | INFO     | infrastructure       | get_price_history   :23   | Fetching price history for 1 tickers: WM
2025-09-21 15:59:17 | INFO     | infrastructure       | get_price_history   :24   | Date range: 2024-03-01 to 2025-09-21
2025-09-21 15:59:17 | DEBUG    | infrastructure       | get_price_history   :28   | Calling yfinance.download()
2025-09-21 15:59:17 | DEBUG    | infrastructure       | get_price_history   :41   | YFinance download completed in 0.01s
2025-09-21 15:59:17 | DEBUG    | infrastructure       | get_price_history   :47   | YFinance returned data with shape: (390, 5)
2025-09-21 15:59:17 | DEBUG    | infrastructure       | get_price_history   :53   | Processing single ticker data
2025-09-21 15:59:17 | DEBUG    | infrastructure       | get_price_history   :67   | Single ticker data processed (multi-level): WM - 390 data points
2025-09-21 15:59:17 | INFO     | infrastructure       | get_price_history   :93   | Successfully processed 1 tickers out of 1 requested
2025-09-21 15:59:17 | INFO     | api                  | log_api_call        :178  | API | yfinance | GET get_price_history | Status: SUCCESS | Duration: 0.0142s | ticker_count: 1 | successful_tickers: 1 | date_range: 2024-03-01 to 2025-09-21
2025-09-21 15:59:17 | INFO     | api                  | wrapper             :92   | API call successful: yfinance - get_price_history
2025-09-21 15:59:17 | INFO     | api                  | log_api_call        :178  | API | yfinance | CALL get_price_history | Status: SUCCESS | Duration: 0.0147s | duration: 0.0147s | status: SUCCESS | response: {Ticker('WM'): Date
2024-03-01    200.678131
2024-03-04    201.663040
2024-03-05    201.731293
2024-03-06    202.755203
2024-03-07    202.111618
                 ...    
2025-09-15    216.130005
2025-
2025-09-21 15:59:17 | DEBUG    | validation           | _validate           :25   | Money validation successful: 200.67813110351562 USD
2025-09-21 15:59:17 | DEBUG    | validation           | _validate           :25   | Money validation successful: 216.39999389648438 USD
2025-09-21 15:59:17 | DEBUG    | api                  | wrapper             :80   | API call started: yfinance - get_price_history
2025-09-21 15:59:17 | INFO     | infrastructure       | get_price_history   :23   | Fetching price history for 1 tickers: OKE
2025-09-21 15:59:17 | INFO     | infrastructure       | get_price_history   :24   | Date range: 2024-03-01 to 2025-09-21
2025-09-21 15:59:17 | DEBUG    | infrastructure       | get_price_history   :28   | Calling yfinance.download()
2025-09-21 15:59:17 | DEBUG    | infrastructure       | get_price_history   :41   | YFinance download completed in 0.01s
2025-09-21 15:59:17 | DEBUG    | infrastructure       | get_price_history   :47   | YFinance returned data with shape: (390, 5)
2025-09-21 15:59:17 | DEBUG    | infrastructure       | get_price_history   :53   | Processing single ticker data
2025-09-21 15:59:17 | DEBUG    | infrastructure       | get_price_history   :67   | Single ticker data processed (multi-level): OKE - 390 data points
2025-09-21 15:59:17 | INFO     | infrastructure       | get_price_history   :93   | Successfully processed 1 tickers out of 1 requested
2025-09-21 15:59:17 | INFO     | api                  | log_api_call        :178  | API | yfinance | GET get_price_history | Status: SUCCESS | Duration: 0.0140s | ticker_count: 1 | successful_tickers: 1 | date_range: 2024-03-01 to 2025-09-21
2025-09-21 15:59:17 | INFO     | api                  | wrapper             :92   | API call successful: yfinance - get_price_history
2025-09-21 15:59:17 | INFO     | api                  | log_api_call        :178  | API | yfinance | CALL get_price_history | Status: SUCCESS | Duration: 0.0144s | duration: 0.0144s | status: SUCCESS | response: {Ticker('OKE'): Date
2024-03-01    70.032715
2024-03-04    71.365700
2024-03-05    72.260559
2024-03-06    72.325813
2024-03-07    72.185997
                ...    
2025-09-15    72.610001
2025-09-16 
2025-09-21 15:59:18 | DEBUG    | validation           | _validate           :25   | Money validation successful: 70.03271484375 USD
2025-09-21 15:59:18 | DEBUG    | validation           | _validate           :25   | Money validation successful: 71.55000305175781 USD
2025-09-21 15:59:18 | DEBUG    | api                  | wrapper             :80   | API call started: yfinance - get_price_history
2025-09-21 15:59:18 | INFO     | infrastructure       | get_price_history   :23   | Fetching price history for 1 tickers: COST
2025-09-21 15:59:18 | INFO     | infrastructure       | get_price_history   :24   | Date range: 2024-03-01 to 2025-09-21
2025-09-21 15:59:18 | DEBUG    | infrastructure       | get_price_history   :28   | Calling yfinance.download()
2025-09-21 15:59:18 | DEBUG    | infrastructure       | get_price_history   :41   | YFinance download completed in 0.01s
2025-09-21 15:59:18 | DEBUG    | infrastructure       | get_price_history   :47   | YFinance returned data with shape: (390, 5)
2025-09-21 15:59:18 | DEBUG    | infrastructure       | get_price_history   :53   | Processing single ticker data
2025-09-21 15:59:18 | DEBUG    | infrastructure       | get_price_history   :67   | Single ticker data processed (multi-level): COST - 390 data points
2025-09-21 15:59:18 | INFO     | infrastructure       | get_price_history   :93   | Successfully processed 1 tickers out of 1 requested
2025-09-21 15:59:18 | INFO     | api                  | log_api_call        :178  | API | yfinance | GET get_price_history | Status: SUCCESS | Duration: 0.0141s | ticker_count: 1 | successful_tickers: 1 | date_range: 2024-03-01 to 2025-09-21
2025-09-21 15:59:18 | INFO     | api                  | wrapper             :92   | API call successful: yfinance - get_price_history
2025-09-21 15:59:18 | INFO     | api                  | log_api_call        :178  | API | yfinance | CALL get_price_history | Status: SUCCESS | Duration: 0.0146s | duration: 0.0146s | status: SUCCESS | response: {Ticker('COST'): Date
2024-03-01    743.360596
2024-03-04    753.021545
2024-03-05    753.785278
2024-03-06    766.967529
2024-03-07    779.217285
                 ...    
2025-09-15    960.099976
202
2025-09-21 15:59:19 | DEBUG    | validation           | _validate           :25   | Money validation successful: 743.360595703125 USD
2025-09-21 15:59:19 | DEBUG    | validation           | _validate           :25   | Money validation successful: 951.1599731445312 USD
2025-09-21 15:59:19 | DEBUG    | api                  | wrapper             :80   | API call started: yfinance - get_price_history
2025-09-21 15:59:19 | INFO     | infrastructure       | get_price_history   :23   | Fetching price history for 1 tickers: V
2025-09-21 15:59:19 | INFO     | infrastructure       | get_price_history   :24   | Date range: 2024-03-01 to 2025-09-21
2025-09-21 15:59:19 | DEBUG    | infrastructure       | get_price_history   :28   | Calling yfinance.download()
2025-09-21 15:59:19 | DEBUG    | infrastructure       | get_price_history   :41   | YFinance download completed in 0.01s
2025-09-21 15:59:19 | DEBUG    | infrastructure       | get_price_history   :47   | YFinance returned data with shape: (390, 5)
2025-09-21 15:59:19 | DEBUG    | infrastructure       | get_price_history   :53   | Processing single ticker data
2025-09-21 15:59:19 | DEBUG    | infrastructure       | get_price_history   :67   | Single ticker data processed (multi-level): V - 390 data points
2025-09-21 15:59:19 | INFO     | infrastructure       | get_price_history   :93   | Successfully processed 1 tickers out of 1 requested
2025-09-21 15:59:19 | INFO     | api                  | log_api_call        :178  | API | yfinance | GET get_price_history | Status: SUCCESS | Duration: 0.0142s | ticker_count: 1 | successful_tickers: 1 | date_range: 2024-03-01 to 2025-09-21
2025-09-21 15:59:19 | INFO     | api                  | wrapper             :92   | API call successful: yfinance - get_price_history
2025-09-21 15:59:19 | INFO     | api                  | log_api_call        :178  | API | yfinance | CALL get_price_history | Status: SUCCESS | Duration: 0.0147s | duration: 0.0147s | status: SUCCESS | response: {Ticker('V'): Date
2024-03-01    280.104218
2024-03-04    277.502594
2024-03-05    276.365051
2024-03-06    277.403687
2024-03-07    275.257141
                 ...    
2025-09-15    339.049988
2025-0
2025-09-21 15:59:19 | DEBUG    | validation           | _validate           :25   | Money validation successful: 280.1042175292969 USD
2025-09-21 15:59:19 | DEBUG    | validation           | _validate           :25   | Money validation successful: 341.6099853515625 USD
2025-09-21 15:59:49 | INFO     | main                 | main                :93   | User interaction completed normally
2025-09-21 15:59:49 | INFO     | main                 | main                :106  | === PORTFOLIO ANALYSIS TOOL SHUTTING DOWN ===
2025-09-21 15:59:49 | INFO     | session              | end_session         :70   | Session duration: 0:00:57.431917
2025-09-21 15:59:49 | INFO     | session              | end_session         :71   | === SESSION ENDED: 2025-09-21-15-58-52 ===
2025-09-21 15:59:49 | INFO     | total                | end_session         :75   | Session 2025-09-21-15-58-52 ended after 0:00:57.431917
